<?xml version="1.0" encoding="UTF-8"?>
<!-- Generated by org.testng.reporters.JUnitReportReporter -->
<testsuite hostname="DESKTOP-T6D8ETQ" failures="0" tests="3" name="com.sgtesting.products.Products" time="0.004" errors="0" timestamp="2022-11-08T17:51:07 IST" skipped="0">
  <testcase classname="com.sgtesting.products.Products" name="createProduct" time="0.002"/>
  <system-out/>
  <testcase classname="com.sgtesting.products.Products" name="deleteProduct" time="0.001"/>
  <system-out/>
  <testcase classname="com.sgtesting.products.Products" name="modifyProduct" time="0.001"/>
  <system-out/>
</testsuite> <!-- com.sgtesting.products.Products -->
