<?xml version="1.0" encoding="UTF-8"?>
<!-- Generated by org.testng.reporters.JUnitReportReporter -->
<testsuite hostname="DESKTOP-T6D8ETQ" failures="0" tests="3" name="com.sgtesting.users.Users" time="0.011" errors="0" timestamp="2022-11-08T17:51:07 IST" skipped="0">
  <testcase classname="com.sgtesting.users.Users" name="deleteUser" time="0.002"/>
  <system-out/>
  <testcase classname="com.sgtesting.users.Users" name="modifyUser" time="0.001"/>
  <system-out/>
  <testcase classname="com.sgtesting.users.Users" name="createUser" time="0.008"/>
  <system-out/>
</testsuite> <!-- com.sgtesting.users.Users -->
